<?xml version="1.0" encoding="utf-8"?><testsuites><testsuite name="pytest" errors="0" failures="0" skipped="0" tests="5" time="9.960" timestamp="2023-05-05T11:52:48.763558" hostname="DESKTOP-TMJE0RK"><testcase classname="tests.test_create" name="test_create_product" time="0.018" /><testcase classname="tests.test_delete" name="test_delete_product" time="0.013" /><testcase classname="tests.test_frontend" name="test_products_frontend" time="9.268" /><testcase classname="tests.test_list" name="test_list_products" time="0.003" /><testcase classname="tests.test_update" name="test_update_product" time="0.015" /></testsuite></testsuites>