<?xml version="1.0" encoding="utf-8"?><testsuites><testsuite name="pytest" errors="0" failures="0" skipped="0" tests="4" time="0.587" timestamp="2023-05-05T10:34:25.015329" hostname="DESKTOP-TMJE0RK"><testcase classname="tests.test_create" name="test_create_product" time="0.026" /><testcase classname="tests.test_delete" name="test_delete_product" time="0.019" /><testcase classname="tests.test_list" name="test_list_products" time="0.004" /><testcase classname="tests.test_update" name="test_update_product" time="0.018" /></testsuite></testsuites>